[debug] [2021-02-20T21:27:11.640Z] ----------------------------------------------------------------------
[debug] [2021-02-20T21:27:11.643Z] Command:       C:\Program Files\nodejs\node.exe C:\Users\Sayon\AppData\Roaming\npm\node_modules\firebase-tools\lib\bin\firebase.js serve
[debug] [2021-02-20T21:27:11.644Z] CLI Version:   9.4.0
[debug] [2021-02-20T21:27:11.644Z] Platform:      win32
[debug] [2021-02-20T21:27:11.644Z] Node Version:  v14.15.5
[debug] [2021-02-20T21:27:11.645Z] Time:          Sun Feb 21 2021 02:57:11 GMT+0530 (India Standard Time)
[debug] [2021-02-20T21:27:11.645Z] ----------------------------------------------------------------------
[debug] [2021-02-20T21:27:11.645Z] 
[debug] [2021-02-20T21:27:11.653Z] > command requires scopes: ["email","openid","https://www.googleapis.com/auth/cloudplatformprojects.readonly","https://www.googleapis.com/auth/firebase","https://www.googleapis.com/auth/cloud-platform"]
[debug] [2021-02-20T21:27:11.653Z] > authorizing via signed-in user
[debug] [2021-02-20T21:27:11.654Z] [iam] checking project socail-game for permissions ["firebase.projects.get"]
[debug] [2021-02-20T21:27:11.656Z] >>> HTTP REQUEST POST https://cloudresourcemanager.googleapis.com/v1/projects/socail-game:testIamPermissions  
 {"permissions":["firebase.projects.get"]}
[debug] [2021-02-20T21:27:13.261Z] <<< HTTP RESPONSE 200 {"content-type":"application/json; charset=UTF-8","vary":"X-Origin, Referer, Origin,Accept-Encoding","date":"Sat, 20 Feb 2021 21:27:14 GMT","server":"ESF","cache-control":"private","x-xss-protection":"0","x-frame-options":"SAMEORIGIN","x-content-type-options":"nosniff","server-timing":"gfet4t7; dur=1211","alt-svc":"h3-29=\":443\"; ma=2592000,h3-T051=\":443\"; ma=2592000,h3-Q050=\":443\"; ma=2592000,h3-Q046=\":443\"; ma=2592000,h3-Q043=\":443\"; ma=2592000,quic=\":443\"; ma=2592000; v=\"46,43\"","accept-ranges":"none","transfer-encoding":"chunked"}
[debug] [2021-02-20T21:27:13.267Z] > refreshing access token with scopes: []
[debug] [2021-02-20T21:27:13.267Z] >>> HTTP REQUEST POST https://www.googleapis.com/oauth2/v3/token  
 <request body omitted>
[debug] [2021-02-20T21:27:13.491Z] <<< HTTP RESPONSE 200 {"expires":"Mon, 01 Jan 1990 00:00:00 GMT","cache-control":"no-cache, no-store, max-age=0, must-revalidate","date":"Sat, 20 Feb 2021 21:27:14 GMT","pragma":"no-cache","content-type":"application/json; charset=utf-8","vary":"X-Origin, Referer, Origin,Accept-Encoding","server":"scaffolding on HTTPServer2","x-xss-protection":"0","x-frame-options":"SAMEORIGIN","x-content-type-options":"nosniff","alt-svc":"h3-29=\":443\"; ma=2592000,h3-T051=\":443\"; ma=2592000,h3-Q050=\":443\"; ma=2592000,h3-Q046=\":443\"; ma=2592000,h3-Q043=\":443\"; ma=2592000,quic=\":443\"; ma=2592000; v=\"46,43\"","accept-ranges":"none","transfer-encoding":"chunked"}
[debug] [2021-02-20T21:27:13.499Z] >>> [apiv2][query] GET https://firebase.googleapis.com/v1beta1/projects/socail-game [none]
[debug] [2021-02-20T21:27:13.897Z] <<< [apiv2][status] GET https://firebase.googleapis.com/v1beta1/projects/socail-game 200
[debug] [2021-02-20T21:27:13.897Z] <<< [apiv2][body] GET https://firebase.googleapis.com/v1beta1/projects/socail-game {"projectId":"socail-game","projectNumber":"547107535416","displayName":"socail-game","name":"projects/socail-game","resources":{"hostingSite":"socail-game"},"state":"ACTIVE"}
[info] 
[info] === Serving from 'D:\social-game\frontend'...
[info] 
[debug] [2021-02-20T21:27:13.901Z] >>> [apiv2][query] GET https://firebase.googleapis.com/v1beta1/projects/socail-game/webApps/-/config [none]
[debug] [2021-02-20T21:27:14.119Z] Error: Cannot find module 'D:\social-game\frontend\dist\social-game\package.json'
Require stack:
- C:\Users\Sayon\AppData\Roaming\npm\node_modules\firebase-tools\lib\emulator\functionsEmulator.js
- C:\Users\Sayon\AppData\Roaming\npm\node_modules\firebase-tools\lib\emulator\controller.js
- C:\Users\Sayon\AppData\Roaming\npm\node_modules\firebase-tools\lib\emulator\commandUtils.js
- C:\Users\Sayon\AppData\Roaming\npm\node_modules\firebase-tools\lib\commands\database-get.js
- C:\Users\Sayon\AppData\Roaming\npm\node_modules\firebase-tools\lib\commands\index.js
- C:\Users\Sayon\AppData\Roaming\npm\node_modules\firebase-tools\lib\index.js
- C:\Users\Sayon\AppData\Roaming\npm\node_modules\firebase-tools\lib\bin\firebase.js
    at Function.Module._resolveFilename (internal/modules/cjs/loader.js:880:15)
    at Function.Module._load (internal/modules/cjs/loader.js:725:27)
    at Module.require (internal/modules/cjs/loader.js:952:19)
    at require (internal/modules/cjs/helpers.js:88:18)
    at FunctionsEmulator.askInstallNodeVersion (C:\Users\Sayon\AppData\Roaming\npm\node_modules\firebase-tools\lib\emulator\functionsEmulator.js:430:21)
    at FunctionsEmulator.start (C:\Users\Sayon\AppData\Roaming\npm\node_modules\firebase-tools\lib\emulator\functionsEmulator.js:155:32)
    at Function.start (C:\Users\Sayon\AppData\Roaming\npm\node_modules\firebase-tools\lib\emulator\registry.js:16:24)
    at EmulatorServer.start (C:\Users\Sayon\AppData\Roaming\npm\node_modules\firebase-tools\lib\emulator\emulatorServer.js:17:43)
    at processTicksAndRejections (internal/process/task_queues.js:93:5)
    at async FunctionsServer.start (C:\Users\Sayon\AppData\Roaming\npm\node_modules\firebase-tools\lib\serve\functions.js:38:9)
    at async Promise.all (index 1)
    at async serve (C:\Users\Sayon\AppData\Roaming\npm\node_modules\firebase-tools\lib\serve\index.js:14:5)
[error] 
[error] Error: An unexpected error has occurred.
